Using pre-set license
Built from '2021.3/staging' branch; Version is '2021.3.33f1 (ee5a2aa03ab2) revision 15620650'; Using compiler version '192829333'; Build Type 'Release'
OS: 'Windows 11  (10.0.22631) 64bit Core' Language: 'en' Physical Memory: 15790 MB
BatchMode: 1, IsHumanControllingUs: 0, StartBugReporterOnCrash: 0, Is64bit: 1, IsPro: 1

COMMAND LINE ARGUMENTS:
C:\Program Files\Unity\Hub\Editor\2021.3.33f1\Editor\Unity.exe
-adb2
-batchMode
-noUpm
-name
AssetImportWorker0
-projectPath
C:/Users/guili/Desktop/6.2-ASP/6.2 ASP
-logFile
Logs/AssetImportWorker0.log
-srvPort
63925
Successfully changed project path to: C:/Users/guili/Desktop/6.2-ASP/6.2 ASP
C:/Users/guili/Desktop/6.2-ASP/6.2 ASP
[UnityMemory] Configuration Parameters - Can be set up in boot.config
    "memorysetup-bucket-allocator-granularity=16"
    "memorysetup-bucket-allocator-bucket-count=8"
    "memorysetup-bucket-allocator-block-size=33554432"
    "memorysetup-bucket-allocator-block-count=8"
    "memorysetup-main-allocator-block-size=16777216"
    "memorysetup-thread-allocator-block-size=16777216"
    "memorysetup-gfx-main-allocator-block-size=16777216"
    "memorysetup-gfx-thread-allocator-block-size=16777216"
    "memorysetup-cache-allocator-block-size=4194304"
    "memorysetup-typetree-allocator-block-size=2097152"
    "memorysetup-profiler-bucket-allocator-granularity=16"
    "memorysetup-profiler-bucket-allocator-bucket-count=8"
    "memorysetup-profiler-bucket-allocator-block-size=33554432"
    "memorysetup-profiler-bucket-allocator-block-count=8"
    "memorysetup-profiler-allocator-block-size=16777216"
    "memorysetup-profiler-editor-allocator-block-size=1048576"
    "memorysetup-temp-allocator-size-main=16777216"
    "memorysetup-job-temp-allocator-block-size=2097152"
    "memorysetup-job-temp-allocator-block-size-background=1048576"
    "memorysetup-job-temp-allocator-reduction-small-platforms=262144"
    "memorysetup-temp-allocator-size-background-worker=32768"
    "memorysetup-temp-allocator-size-job-worker=262144"
    "memorysetup-temp-allocator-size-preload-manager=33554432"
    "memorysetup-temp-allocator-size-nav-mesh-worker=65536"
    "memorysetup-temp-allocator-size-audio-worker=65536"
    "memorysetup-temp-allocator-size-cloud-worker=32768"
    "memorysetup-temp-allocator-size-gi-baking-worker=262144"
    "memorysetup-temp-allocator-size-gfx=262144"
Player connection [12512] Host "[IP] 192.168.0.59 [Port] 0 [Flags] 2 [Guid] 4154292001 [EditorId] 4154292001 [Version] 1048832 [Id] WindowsEditor(7,LAPTOP-B7O95NMC) [Debug] 1 [PackageName] WindowsEditor [ProjectName] Editor" joined multi-casting on [225.0.0.222:54997]...

Player connection [12512] Host "[IP] 192.168.0.59 [Port] 0 [Flags] 2 [Guid] 4154292001 [EditorId] 4154292001 [Version] 1048832 [Id] WindowsEditor(7,LAPTOP-B7O95NMC) [Debug] 1 [PackageName] WindowsEditor [ProjectName] Editor" joined alternative multi-casting on [225.0.0.222:34997]...

[Physics::Module] Initialized MultithreadedJobDispatcher with {0} workers.
Refreshing native plugins compatible for Editor in 77.27 ms, found 3 plugins.
Preloading 0 native plugins for Editor in 0.00 ms.
Initialize engine version: 2021.3.33f1 (ee5a2aa03ab2)
[Subsystems] Discovering subsystems at path C:/Program Files/Unity/Hub/Editor/2021.3.33f1/Editor/Data/Resources/UnitySubsystems
[Subsystems] Discovering subsystems at path C:/Users/guili/Desktop/6.2-ASP/6.2 ASP/Assets
GfxDevice: creating device client; threaded=0; jobified=0
Direct3D:
    Version:  Direct3D 11.0 [level 11.1]
    Renderer: NVIDIA GeForce RTX 3060 Laptop GPU (ID=0x2520)
    Vendor:   NVIDIA
    VRAM:     6010 MB
    Driver:   31.0.15.4680
Initialize mono
Mono path[0] = 'C:/Program Files/Unity/Hub/Editor/2021.3.33f1/Editor/Data/Managed'
Mono path[1] = 'C:/Program Files/Unity/Hub/Editor/2021.3.33f1/Editor/Data/MonoBleedingEdge/lib/mono/unityjit-win32'
Mono config path = 'C:/Program Files/Unity/Hub/Editor/2021.3.33f1/Editor/Data/MonoBleedingEdge/etc'
Using monoOptions --debugger-agent=transport=dt_socket,embedding=1,server=y,suspend=n,address=127.0.0.1:56440
Begin MonoManager ReloadAssembly
Registering precompiled unity dll's ...
Register platform support module: C:/Program Files/Unity/Hub/Editor/2021.3.33f1/Editor/Data/PlaybackEngines/WindowsStandaloneSupport/UnityEditor.WindowsStandalone.Extensions.dll
Registered in 0.004549 seconds.
Native extension for WindowsStandalone target not found
Refreshing native plugins compatible for Editor in 56.50 ms, found 3 plugins.
Preloading 0 native plugins for Editor in 0.00 ms.
Mono: successfully reloaded assembly
- Completed reload, in  0.560 seconds
Domain Reload Profiling:
	ReloadAssembly (561ms)
		BeginReloadAssembly (111ms)
			ExecutionOrderSort (0ms)
			DisableScriptedObjects (0ms)
			BackupInstance (0ms)
			ReleaseScriptingObjects (0ms)
			CreateAndSetChildDomain (1ms)
		EndReloadAssembly (372ms)
			LoadAssemblies (109ms)
			RebuildTransferFunctionScriptingTraits (0ms)
			SetupTypeCache (89ms)
			ReleaseScriptCaches (0ms)
			RebuildScriptCaches (22ms)
			SetupLoadedEditorAssemblies (227ms)
				LogAssemblyErrors (0ms)
				InitializePlatformSupportModulesInManaged (6ms)
				SetLoadedEditorAssemblies (0ms)
				RefreshPlugins (57ms)
				BeforeProcessingInitializeOnLoad (1ms)
				ProcessInitializeOnLoadAttributes (124ms)
				ProcessInitializeOnLoadMethodAttributes (39ms)
				AfterProcessingInitializeOnLoad (0ms)
				EditorAssembliesLoaded (0ms)
			ExecutionOrderSort2 (0ms)
			AwakeInstancesAfterBackupRestoration (0ms)
Platform modules already initialized, skipping
Registering precompiled user dll's ...
Registered in 0.004809 seconds.
Begin MonoManager ReloadAssembly
Native extension for WindowsStandalone target not found
Refreshing native plugins compatible for Editor in 0.73 ms, found 3 plugins.
Preloading 0 native plugins for Editor in 0.00 ms.
Package Manager log level set to [2]
[Package Manager] Server::EnsureServerProcessIsRunning -- launch failed, reason: Unity was launched with the -noUpm command-line argument
[Package Manager] Cannot connect to Unity Package Manager local server
Mono: successfully reloaded assembly
- Completed reload, in  1.322 seconds
Domain Reload Profiling:
	ReloadAssembly (1323ms)
		BeginReloadAssembly (122ms)
			ExecutionOrderSort (0ms)
			DisableScriptedObjects (5ms)
			BackupInstance (0ms)
			ReleaseScriptingObjects (0ms)
			CreateAndSetChildDomain (20ms)
		EndReloadAssembly (1071ms)
			LoadAssemblies (101ms)
			RebuildTransferFunctionScriptingTraits (0ms)
			SetupTypeCache (235ms)
			ReleaseScriptCaches (0ms)
			RebuildScriptCaches (43ms)
			SetupLoadedEditorAssemblies (680ms)
				LogAssemblyErrors (0ms)
				InitializePlatformSupportModulesInManaged (5ms)
				SetLoadedEditorAssemblies (0ms)
				RefreshPlugins (1ms)
				BeforeProcessingInitializeOnLoad (68ms)
				ProcessInitializeOnLoadAttributes (580ms)
				ProcessInitializeOnLoadMethodAttributes (19ms)
				AfterProcessingInitializeOnLoad (7ms)
				EditorAssembliesLoaded (0ms)
			ExecutionOrderSort2 (0ms)
			AwakeInstancesAfterBackupRestoration (6ms)
Platform modules already initialized, skipping
========================================================================
Worker process is ready to serve import requests
Launched and connected shader compiler UnityShaderCompiler.exe after 0.06 seconds
Refreshing native plugins compatible for Editor in 1.33 ms, found 3 plugins.
Preloading 0 native plugins for Editor in 0.00 ms.
Unloading 3086 Unused Serialized files (Serialized files now loaded: 0)
Unloading 23 unused Assets / (46.9 KB). Loaded Objects now: 3547.
Memory consumption went from 110.5 MB to 110.5 MB.
Total: 3.583100 ms (FindLiveObjects: 0.254800 ms CreateObjectMapping: 0.085800 ms MarkObjects: 3.097200 ms  DeleteObjects: 0.143800 ms)

AssetImportParameters requested are different than current active one (requested -> active):
  custom:video-decoder-ogg-theora: a1e56fd34408186e4bbccfd4996cb3dc -> 
  custom:container-muxer-webm: aa71ff27fc2769a1b78a27578f13a17b -> 
  custom:container-demuxer-webm: 4f35f7cbe854078d1ac9338744f61a02 -> 
  custom:video-encoder-webm-vp8: eb34c28f22e8b96e1ab97ce403110664 -> 
  custom:video-codec-MediaFoundation-h265: 746d11721c4dcdbdad8f713fa42b33f4 -> 
  custom:CustomObjectIndexerAttribute: bc11b3a6c3213fcdd17b65e7da85e133 -> 
  custom:audio-encoder-webm-vorbis: bf7c407c2cedff20999df2af8eb42d56 -> 
  custom:framework-win-MediaFoundation: 216162199b28c13a410421893ffa2e32 -> 
  custom:SearchIndexIgnoredProperties: e643bd26f0fe6173181afceb89e7c659 -> 
  custom:container-demuxer-ogg: 62fdf1f143b41e24485cea50d1cbac27 -> 
  custom:video-decoder-webm-vp8: 9c59270c3fd7afecdb556c50c9e8de78 -> 
  custom:audio-decoder-ogg-vorbis: bf7c407c2cedff20999df2af8eb42d56 -> 
========================================================================
Received Import Request.
  Time since last request: 234211.358065 seconds.
  path: Assets/UI/bilboregular SDF.asset
  artifactKey: Guid(95040cfac7b60aa41bd2c62ad8a854f5) Importer(815301076,1909f56bfc062723c751e8b465ee728b)
Number of updated assets reloaded before import = 0
Start importing Assets/UI/bilboregular SDF.asset using Guid(95040cfac7b60aa41bd2c62ad8a854f5) Importer(815301076,1909f56bfc062723c751e8b465ee728b)  -> (artifact id: '7237c2a81c5ab244e438562fec87775f') in 0.192792 seconds 
Number of asset objects unloaded after import = 6
========================================================================
Received Import Request.
  Time since last request: 8.768739 seconds.
  path: Assets/UI/Sword-removebg-preview.png
  artifactKey: Guid(069afdeb6a05ab947a3972a4649a0b36) Importer(815301076,1909f56bfc062723c751e8b465ee728b)
Number of updated assets reloaded before import = 0
Start importing Assets/UI/Sword-removebg-preview.png using Guid(069afdeb6a05ab947a3972a4649a0b36) Importer(815301076,1909f56bfc062723c751e8b465ee728b)  -> (artifact id: '7661c459a4a050df443fd34acdd52fc1') in 0.020646 seconds 
Number of asset objects unloaded after import = 2
========================================================================
Received Import Request.
  Time since last request: 161.444011 seconds.
  path: Assets/RPG Item Icons/Food_Beverages.png
  artifactKey: Guid(43eb2bfb5cbe5ff439e8148da46ea36b) Importer(815301076,1909f56bfc062723c751e8b465ee728b)
Number of updated assets reloaded before import = 0
Start importing Assets/RPG Item Icons/Food_Beverages.png using Guid(43eb2bfb5cbe5ff439e8148da46ea36b) Importer(815301076,1909f56bfc062723c751e8b465ee728b)  -> (artifact id: '4a8244e0d08ee915a6bc998a3fce2d92') in 0.123080 seconds 
Number of asset objects unloaded after import = 3
========================================================================
Received Import Request.
  Time since last request: 0.000023 seconds.
  path: Assets/RPG Item Icons/Weapon_Armor.png
  artifactKey: Guid(e67051dce2141b448a47e3eb495f7971) Importer(815301076,1909f56bfc062723c751e8b465ee728b)
Number of updated assets reloaded before import = 0
Start importing Assets/RPG Item Icons/Weapon_Armor.png using Guid(e67051dce2141b448a47e3eb495f7971) Importer(815301076,1909f56bfc062723c751e8b465ee728b)  -> (artifact id: '597f7881735b7ba4c8849ea25d53bacd') in 0.110590 seconds 
Number of asset objects unloaded after import = 3
========================================================================
Received Import Request.
  Time since last request: 2.514765 seconds.
  path: Assets/RPG Item Icons/Armor
  artifactKey: Guid(3c053b1e7b80de24eaef97853a6be888) Importer(815301076,1909f56bfc062723c751e8b465ee728b)
Number of updated assets reloaded before import = 0
Start importing Assets/RPG Item Icons/Armor using Guid(3c053b1e7b80de24eaef97853a6be888) Importer(815301076,1909f56bfc062723c751e8b465ee728b)  -> (artifact id: 'fe6206e74f9e3cf79f664de7b418b46d') in 0.008796 seconds 
Number of asset objects unloaded after import = 0
========================================================================
Received Import Request.
  Time since last request: 0.084043 seconds.
  path: Assets/RPG Item Icons/Armor/Helmet_1.png
  artifactKey: Guid(524be1d22e72b084b984b429febbf26b) Importer(815301076,1909f56bfc062723c751e8b465ee728b)
Number of updated assets reloaded before import = 0
Start importing Assets/RPG Item Icons/Armor/Helmet_1.png using Guid(524be1d22e72b084b984b429febbf26b) Importer(815301076,1909f56bfc062723c751e8b465ee728b)  -> (artifact id: '1eedce20af71dbea0a0e11f5edae605f') in 0.033280 seconds 
Number of asset objects unloaded after import = 3
========================================================================
Received Import Request.
  Time since last request: 2.778710 seconds.
  path: Assets/RPG Item Icons/Beverages
  artifactKey: Guid(4ce40375eaae91246bed807b1725369f) Importer(815301076,1909f56bfc062723c751e8b465ee728b)
Number of updated assets reloaded before import = 0
Start importing Assets/RPG Item Icons/Beverages using Guid(4ce40375eaae91246bed807b1725369f) Importer(815301076,1909f56bfc062723c751e8b465ee728b)  -> (artifact id: 'b0eb433a2399893f6c035a256ef52fba') in 0.008094 seconds 
Number of asset objects unloaded after import = 0
========================================================================
Received Import Request.
  Time since last request: 0.028134 seconds.
  path: Assets/RPG Item Icons/Beverages/Wine_and_Meat.png
  artifactKey: Guid(8a048c64900ed364793f8793d5f2d488) Importer(815301076,1909f56bfc062723c751e8b465ee728b)
Number of updated assets reloaded before import = 0
Start importing Assets/RPG Item Icons/Beverages/Wine_and_Meat.png using Guid(8a048c64900ed364793f8793d5f2d488) Importer(815301076,1909f56bfc062723c751e8b465ee728b)  -> (artifact id: 'fc5ad874682dd781dd08003a56b1ad63') in 0.021663 seconds 
Number of asset objects unloaded after import = 3
========================================================================
Received Import Request.
  Time since last request: 0.000018 seconds.
  path: Assets/RPG Item Icons/Beverages/Wine_Bottle.png
  artifactKey: Guid(ead321638c94d4f4d86e9aa96ea94d14) Importer(815301076,1909f56bfc062723c751e8b465ee728b)
Number of updated assets reloaded before import = 0
Start importing Assets/RPG Item Icons/Beverages/Wine_Bottle.png using Guid(ead321638c94d4f4d86e9aa96ea94d14) Importer(815301076,1909f56bfc062723c751e8b465ee728b)  -> (artifact id: 'e8f54772c87c48fee827a9d0feb81ca6') in 0.027130 seconds 
Number of asset objects unloaded after import = 3
========================================================================
Received Import Request.
  Time since last request: 2.834687 seconds.
  path: Assets/RPG Item Icons/Food
  artifactKey: Guid(3ad61c27ec795784fb1696d0479de1e4) Importer(815301076,1909f56bfc062723c751e8b465ee728b)
Number of updated assets reloaded before import = 0
Start importing Assets/RPG Item Icons/Food using Guid(3ad61c27ec795784fb1696d0479de1e4) Importer(815301076,1909f56bfc062723c751e8b465ee728b)  -> (artifact id: '364dafc7f8f986f1d5aa935d0dc75952') in 0.008404 seconds 
Number of asset objects unloaded after import = 0
========================================================================
Received Import Request.
  Time since last request: 0.062714 seconds.
  path: Assets/RPG Item Icons/Food/Bean_soup.png
  artifactKey: Guid(ecb069ab6dcf4e2478951cba62e2dc42) Importer(815301076,1909f56bfc062723c751e8b465ee728b)
Number of updated assets reloaded before import = 0
Start importing Assets/RPG Item Icons/Food/Bean_soup.png using Guid(ecb069ab6dcf4e2478951cba62e2dc42) Importer(815301076,1909f56bfc062723c751e8b465ee728b)  -> (artifact id: '596b52a82cb64cea0a09833e39a4f3f1') in 0.025326 seconds 
Number of asset objects unloaded after import = 3
========================================================================
Received Import Request.
  Time since last request: 0.000021 seconds.
  path: Assets/RPG Item Icons/Food/Cracker_Bowl2.png
  artifactKey: Guid(dc210fb96b0ab11468a6a99309cf5f55) Importer(815301076,1909f56bfc062723c751e8b465ee728b)
Number of updated assets reloaded before import = 0
Start importing Assets/RPG Item Icons/Food/Cracker_Bowl2.png using Guid(dc210fb96b0ab11468a6a99309cf5f55) Importer(815301076,1909f56bfc062723c751e8b465ee728b)  -> (artifact id: '891dac49f4011585f09b4bc66c95c203') in 0.036029 seconds 
Number of asset objects unloaded after import = 3
========================================================================
Received Import Request.
  Time since last request: 0.000022 seconds.
  path: Assets/RPG Item Icons/Food/Cheese_Bites.png
  artifactKey: Guid(9dacf3b33309a2e4fb5c6d9becc8a9ff) Importer(815301076,1909f56bfc062723c751e8b465ee728b)
Number of updated assets reloaded before import = 0
Start importing Assets/RPG Item Icons/Food/Cheese_Bites.png using Guid(9dacf3b33309a2e4fb5c6d9becc8a9ff) Importer(815301076,1909f56bfc062723c751e8b465ee728b)  -> (artifact id: '3f60e0dfad8f6df06b15450168e2adc8') in 0.032315 seconds 
Number of asset objects unloaded after import = 3
========================================================================
Received Import Request.
  Time since last request: 0.000053 seconds.
  path: Assets/RPG Item Icons/Food/Grape_Bowl.png
  artifactKey: Guid(567a9299ebb51764181bddc5472e1bd2) Importer(815301076,1909f56bfc062723c751e8b465ee728b)
Number of updated assets reloaded before import = 0
Start importing Assets/RPG Item Icons/Food/Grape_Bowl.png using Guid(567a9299ebb51764181bddc5472e1bd2) Importer(815301076,1909f56bfc062723c751e8b465ee728b)  -> (artifact id: 'c1907d420675de62c33eb61e5b06ca4e') in 0.031060 seconds 
Number of asset objects unloaded after import = 3
========================================================================
Received Import Request.
  Time since last request: 0.000018 seconds.
  path: Assets/RPG Item Icons/Food/Chili_Bowl.png
  artifactKey: Guid(4e91672c0a9122944b236cf1fa7a1e84) Importer(815301076,1909f56bfc062723c751e8b465ee728b)
Number of updated assets reloaded before import = 0
Start importing Assets/RPG Item Icons/Food/Chili_Bowl.png using Guid(4e91672c0a9122944b236cf1fa7a1e84) Importer(815301076,1909f56bfc062723c751e8b465ee728b)  -> (artifact id: '40764f61c42612b3d1d417781a33f197') in 0.024147 seconds 
Number of asset objects unloaded after import = 3
========================================================================
Received Import Request.
  Time since last request: 0.000026 seconds.
  path: Assets/RPG Item Icons/Food/Salad_bowl1.png
  artifactKey: Guid(a70cca7a6010f6f448d14df4a5ef34ee) Importer(815301076,1909f56bfc062723c751e8b465ee728b)
Number of updated assets reloaded before import = 0
Start importing Assets/RPG Item Icons/Food/Salad_bowl1.png using Guid(a70cca7a6010f6f448d14df4a5ef34ee) Importer(815301076,1909f56bfc062723c751e8b465ee728b)  -> (artifact id: '9bd56943470676aa1eb21a8f6e5a0052') in 0.030593 seconds 
Number of asset objects unloaded after import = 3
========================================================================
Received Import Request.
  Time since last request: 0.000028 seconds.
  path: Assets/RPG Item Icons/Food/Cracker_Bowl1.png
  artifactKey: Guid(798eb805152623d4291e4399f9aeef74) Importer(815301076,1909f56bfc062723c751e8b465ee728b)
Number of updated assets reloaded before import = 0
Start importing Assets/RPG Item Icons/Food/Cracker_Bowl1.png using Guid(798eb805152623d4291e4399f9aeef74) Importer(815301076,1909f56bfc062723c751e8b465ee728b)  -> (artifact id: '2488df6c2863544a1c5e14a36ab5b867') in 0.028238 seconds 
Number of asset objects unloaded after import = 3
========================================================================
Received Import Request.
  Time since last request: 0.000018 seconds.
  path: Assets/RPG Item Icons/Food/Butter_Pieces.png
  artifactKey: Guid(00fcf4dcd982953408c1577d8e2efc86) Importer(815301076,1909f56bfc062723c751e8b465ee728b)
Number of updated assets reloaded before import = 0
Start importing Assets/RPG Item Icons/Food/Butter_Pieces.png using Guid(00fcf4dcd982953408c1577d8e2efc86) Importer(815301076,1909f56bfc062723c751e8b465ee728b)  -> (artifact id: '06c2e6809d850bfd0b7bbe4305b7cc03') in 0.033317 seconds 
Number of asset objects unloaded after import = 3
========================================================================
Received Import Request.
  Time since last request: 3.893226 seconds.
  path: Assets/RPG Item Icons/Ingredients/Mushroom_1.png
  artifactKey: Guid(f5fda04a60acfe84a8d9b339b698ba38) Importer(815301076,1909f56bfc062723c751e8b465ee728b)
Number of updated assets reloaded before import = 0
Start importing Assets/RPG Item Icons/Ingredients/Mushroom_1.png using Guid(f5fda04a60acfe84a8d9b339b698ba38) Importer(815301076,1909f56bfc062723c751e8b465ee728b)  -> (artifact id: '5d93cb6fb74911d7366fa2baa6e49a65') in 0.026652 seconds 
Number of asset objects unloaded after import = 3
========================================================================
Received Import Request.
  Time since last request: 0.000023 seconds.
  path: Assets/RPG Item Icons/Ingredients/Mushroom_4.png
  artifactKey: Guid(05c4bbe8b1dd0b94ca56f28d8325e695) Importer(815301076,1909f56bfc062723c751e8b465ee728b)
Number of updated assets reloaded before import = 0
Start importing Assets/RPG Item Icons/Ingredients/Mushroom_4.png using Guid(05c4bbe8b1dd0b94ca56f28d8325e695) Importer(815301076,1909f56bfc062723c751e8b465ee728b)  -> (artifact id: '98d76e222178bc873eeacee28e83f0a1') in 0.027241 seconds 
Number of asset objects unloaded after import = 3
========================================================================
Received Import Request.
  Time since last request: 4.142577 seconds.
  path: Assets/RPG Item Icons/Ressources/Grain_Barrel.png
  artifactKey: Guid(6db6d8f707149764ea4e5934790c56fb) Importer(815301076,1909f56bfc062723c751e8b465ee728b)
Number of updated assets reloaded before import = 0
Start importing Assets/RPG Item Icons/Ressources/Grain_Barrel.png using Guid(6db6d8f707149764ea4e5934790c56fb) Importer(815301076,1909f56bfc062723c751e8b465ee728b)  -> (artifact id: '50cbb6a40f9832e2833f2315429a72f3') in 0.033377 seconds 
Number of asset objects unloaded after import = 3
========================================================================
Received Import Request.
  Time since last request: 6.890160 seconds.
  path: Assets/RPG Item Icons/Tools/BlackSmith_Cooling_Barrel.png
  artifactKey: Guid(2886f0f13da0f8f469bfb676e63460a1) Importer(815301076,1909f56bfc062723c751e8b465ee728b)
Number of updated assets reloaded before import = 0
Start importing Assets/RPG Item Icons/Tools/BlackSmith_Cooling_Barrel.png using Guid(2886f0f13da0f8f469bfb676e63460a1) Importer(815301076,1909f56bfc062723c751e8b465ee728b)  -> (artifact id: '2f19b93cb3f2b7f7b57f761e76ea1dd2') in 0.035911 seconds 
Number of asset objects unloaded after import = 3
========================================================================
Received Import Request.
  Time since last request: 0.000019 seconds.
  path: Assets/RPG Item Icons/Tools/Wooden_Fork.png
  artifactKey: Guid(307a4ac8341107e4ca3c48eef4f40f70) Importer(815301076,1909f56bfc062723c751e8b465ee728b)
Number of updated assets reloaded before import = 0
Start importing Assets/RPG Item Icons/Tools/Wooden_Fork.png using Guid(307a4ac8341107e4ca3c48eef4f40f70) Importer(815301076,1909f56bfc062723c751e8b465ee728b)  -> (artifact id: '39b2dcd8f720aa63b0fe7acf9ecef82f') in 0.030516 seconds 
Number of asset objects unloaded after import = 3
========================================================================
Received Import Request.
  Time since last request: 3.300850 seconds.
  path: Assets/RPG Item Icons/Weapons/Pike_1.png
  artifactKey: Guid(c8477deb286d8cb4fb05dfae9a9a68eb) Importer(815301076,1909f56bfc062723c751e8b465ee728b)
Number of updated assets reloaded before import = 0
Start importing Assets/RPG Item Icons/Weapons/Pike_1.png using Guid(c8477deb286d8cb4fb05dfae9a9a68eb) Importer(815301076,1909f56bfc062723c751e8b465ee728b)  -> (artifact id: '4d325c1280ca301fc47b539ae7e2179a') in 0.025679 seconds 
Number of asset objects unloaded after import = 3
Editor requested this worker to shutdown with reason: Scaling down because of idle timeout
AssetImportWorker is now disconnected from the server
Process exiting
Exiting without the bug reporter. Application will terminate with return code 0